2020-08-05 10:36:39,749 [8] ERROR  [(null)] - 自动登陆过期,请重新登陆!!!
2020-08-05 10:36:39,856 [8] ERROR  [(null)] - 登陆失败 =>>System.NullReferenceException: Object reference not set to an instance of an object.
   at Crm.WebApp.API.LoginHomeController.AutomaticLogin(String token) in C:\my_chh_project\Crm_Pro_File\Crm.WebApp\API\LoginHomeController.cs:line 104
2020-08-05 10:47:53,049 [56] ERROR  [(null)] - AutoMapper.AutoMapperMappingException: Error mapping types.

Mapping types:
List`1 -> List`1
System.Collections.Generic.List`1[[Crm.Repository.TbEntity.OperationLogEntity, Crm.Repository, Version=1.0.0.0, Culture=neutral, PublicKeyToken=null]] -> System.Collections.Generic.List`1[[Crm.Repository.MapperEntity.UserLoginLogMapper, Crm.Repository, Version=1.0.0.0, Culture=neutral, PublicKeyToken=null]] ---> AutoMapper.AutoMapperConfigurationException: 
Unmapped members were found. Review the types and members below.
Add a custom mapping expression, ignore, add a custom resolver, or modify the source/destination type
For no matching constructor, add a no-arg ctor, add optional arguments, or map all of the constructor parameters
=============================================================================================
AutoMapper created this type map for you, but your types cannot be mapped using the current configuration.
OperationLogEntity -> UserLoginLogMapper (Destination member list)
Crm.Repository.TbEntity.OperationLogEntity -> Crm.Repository.MapperEntity.UserLoginLogMapper (Destination member list)

Unmapped properties:
UserId
UserName
Ip
Token

   at AutoMapper.ConfigurationValidator.AssertConfigurationIsValid(IEnumerable`1 typeMaps) in C:\projects\automapper\src\AutoMapper\ConfigurationValidator.cs:line 48
   at lambda_method(Closure , List`1 , List`1 , ResolutionContext )
   --- End of inner exception stack trace ---
   at lambda_method(Closure , List`1 , List`1 , ResolutionContext )
   at lambda_method(Closure , Object , Object , ResolutionContext )
   at AutoMapper.Mapper.AutoMapper.IMapper.Map[TDestination](Object source) in C:\projects\automapper\src\AutoMapper\Mapper.cs:line 211
   at Crm.WebApp.API.SystemManageController.GetOptLogData(String optEvent, String controllerStr, Int32 page, Int32 limit) in C:\my_chh_project\Crm_Pro_File\Crm.WebApp\API\SystemManageController.cs:line 85
2020-08-05 10:49:14,441 [12] ERROR  [(null)] - AutoMapper.AutoMapperMappingException: Error mapping types.

Mapping types:
List`1 -> List`1
System.Collections.Generic.List`1[[Crm.Repository.TbEntity.OperationLogEntity, Crm.Repository, Version=1.0.0.0, Culture=neutral, PublicKeyToken=null]] -> System.Collections.Generic.List`1[[Crm.Repository.MapperEntity.OperationLogMapper, Crm.Repository, Version=1.0.0.0, Culture=neutral, PublicKeyToken=null]] ---> AutoMapper.AutoMapperConfigurationException: 
Unmapped members were found. Review the types and members below.
Add a custom mapping expression, ignore, add a custom resolver, or modify the source/destination type
For no matching constructor, add a no-arg ctor, add optional arguments, or map all of the constructor parameters
=============================================================================================
AutoMapper created this type map for you, but your types cannot be mapped using the current configuration.
OperationLogEntity -> OperationLogMapper (Destination member list)
Crm.Repository.TbEntity.OperationLogEntity -> Crm.Repository.MapperEntity.OperationLogMapper (Destination member list)

Unmapped properties:
Token

   at AutoMapper.ConfigurationValidator.AssertConfigurationIsValid(IEnumerable`1 typeMaps) in C:\projects\automapper\src\AutoMapper\ConfigurationValidator.cs:line 48
   at lambda_method(Closure , List`1 , List`1 , ResolutionContext )
   --- End of inner exception stack trace ---
   at lambda_method(Closure , List`1 , List`1 , ResolutionContext )
   at lambda_method(Closure , Object , Object , ResolutionContext )
   at AutoMapper.Mapper.AutoMapper.IMapper.Map[TDestination](Object source) in C:\projects\automapper\src\AutoMapper\Mapper.cs:line 211
   at Crm.WebApp.API.SystemManageController.GetOptLogData(String optEvent, String controllerStr, Int32 page, Int32 limit) in C:\my_chh_project\Crm_Pro_File\Crm.WebApp\API\SystemManageController.cs:line 85
2020-08-05 10:49:14,441 [11] ERROR  [(null)] - AutoMapper.AutoMapperMappingException: Error mapping types.

Mapping types:
List`1 -> List`1
System.Collections.Generic.List`1[[Crm.Repository.TbEntity.OperationLogEntity, Crm.Repository, Version=1.0.0.0, Culture=neutral, PublicKeyToken=null]] -> System.Collections.Generic.List`1[[Crm.Repository.MapperEntity.OperationLogMapper, Crm.Repository, Version=1.0.0.0, Culture=neutral, PublicKeyToken=null]] ---> AutoMapper.AutoMapperConfigurationException: 
Unmapped members were found. Review the types and members below.
Add a custom mapping expression, ignore, add a custom resolver, or modify the source/destination type
For no matching constructor, add a no-arg ctor, add optional arguments, or map all of the constructor parameters
=============================================================================================
AutoMapper created this type map for you, but your types cannot be mapped using the current configuration.
OperationLogEntity -> OperationLogMapper (Destination member list)
Crm.Repository.TbEntity.OperationLogEntity -> Crm.Repository.MapperEntity.OperationLogMapper (Destination member list)

Unmapped properties:
Token

   at AutoMapper.ConfigurationValidator.AssertConfigurationIsValid(IEnumerable`1 typeMaps) in C:\projects\automapper\src\AutoMapper\ConfigurationValidator.cs:line 48
   at lambda_method(Closure , List`1 , List`1 , ResolutionContext )
   --- End of inner exception stack trace ---
   at lambda_method(Closure , List`1 , List`1 , ResolutionContext )
   at lambda_method(Closure , Object , Object , ResolutionContext )
   at AutoMapper.Mapper.AutoMapper.IMapper.Map[TDestination](Object source) in C:\projects\automapper\src\AutoMapper\Mapper.cs:line 211
   at Crm.WebApp.API.SystemManageController.GetOptLogData(String optEvent, String controllerStr, Int32 page, Int32 limit) in C:\my_chh_project\Crm_Pro_File\Crm.WebApp\API\SystemManageController.cs:line 85
2020-08-05 10:49:21,499 [10] ERROR  [(null)] - AutoMapper.AutoMapperMappingException: Error mapping types.

Mapping types:
List`1 -> List`1
System.Collections.Generic.List`1[[Crm.Repository.TbEntity.OperationLogEntity, Crm.Repository, Version=1.0.0.0, Culture=neutral, PublicKeyToken=null]] -> System.Collections.Generic.List`1[[Crm.Repository.MapperEntity.OperationLogMapper, Crm.Repository, Version=1.0.0.0, Culture=neutral, PublicKeyToken=null]] ---> AutoMapper.AutoMapperConfigurationException: 
Unmapped members were found. Review the types and members below.
Add a custom mapping expression, ignore, add a custom resolver, or modify the source/destination type
For no matching constructor, add a no-arg ctor, add optional arguments, or map all of the constructor parameters
=============================================================================================
AutoMapper created this type map for you, but your types cannot be mapped using the current configuration.
OperationLogEntity -> OperationLogMapper (Destination member list)
Crm.Repository.TbEntity.OperationLogEntity -> Crm.Repository.MapperEntity.OperationLogMapper (Destination member list)

Unmapped properties:
Token

   at AutoMapper.ConfigurationValidator.AssertConfigurationIsValid(IEnumerable`1 typeMaps) in C:\projects\automapper\src\AutoMapper\ConfigurationValidator.cs:line 48
   at lambda_method(Closure , List`1 , List`1 , ResolutionContext )
   --- End of inner exception stack trace ---
   at lambda_method(Closure , List`1 , List`1 , ResolutionContext )
   at lambda_method(Closure , Object , Object , ResolutionContext )
   at AutoMapper.Mapper.AutoMapper.IMapper.Map[TDestination](Object source) in C:\projects\automapper\src\AutoMapper\Mapper.cs:line 211
   at Crm.WebApp.API.SystemManageController.GetOptLogData(String optEvent, String controllerStr, Int32 page, Int32 limit) in C:\my_chh_project\Crm_Pro_File\Crm.WebApp\API\SystemManageController.cs:line 85
2020-08-05 17:04:29,758 [12] ERROR  [(null)] - 自动登陆过期,请重新登陆!!!
2020-08-05 17:04:35,159 [12] ERROR  [(null)] - 登陆失败 =>>System.NullReferenceException: Object reference not set to an instance of an object.
   at Crm.WebApp.API.LoginHomeController.AutomaticLogin(String token) in C:\my_chh_project\Crm_Pro_File\Crm.WebApp\API\LoginHomeController.cs:line 104
2020-08-05 17:09:50,441 [10] ERROR  [(null)] - 自动登陆过期,请重新登陆!!!
2020-08-05 17:09:52,935 [10] ERROR  [(null)] - 登陆失败 =>>System.NullReferenceException: Object reference not set to an instance of an object.
   at Crm.WebApp.API.LoginHomeController.AutomaticLogin(String token) in C:\my_chh_project\Crm_Pro_File\Crm.WebApp\API\LoginHomeController.cs:line 104
2020-08-05 17:10:33,293 [10] ERROR  [(null)] - System.InvalidOperationException: The instance of entity type 'HotSpotEntity' cannot be tracked because another instance with the same key value for {'Id'} is already being tracked. When attaching existing entities, ensure that only one entity instance with a given key value is attached. Consider using 'DbContextOptionsBuilder.EnableSensitiveDataLogging' to see the conflicting key values.
   at Microsoft.EntityFrameworkCore.ChangeTracking.Internal.IdentityMap`1.ThrowIdentityConflict(InternalEntityEntry entry)
   at Microsoft.EntityFrameworkCore.ChangeTracking.Internal.IdentityMap`1.Add(TKey key, InternalEntityEntry entry, Boolean updateDuplicate)
   at Microsoft.EntityFrameworkCore.ChangeTracking.Internal.IdentityMap`1.Add(TKey key, InternalEntityEntry entry)
   at Microsoft.EntityFrameworkCore.ChangeTracking.Internal.IdentityMap`1.Add(InternalEntityEntry entry)
   at Microsoft.EntityFrameworkCore.ChangeTracking.Internal.StateManager.StartTracking(InternalEntityEntry entry)
   at Microsoft.EntityFrameworkCore.ChangeTracking.Internal.InternalEntityEntry.SetEntityState(EntityState oldState, EntityState newState, Boolean acceptChanges)
   at Microsoft.EntityFrameworkCore.ChangeTracking.Internal.InternalEntityEntry.SetEntityState(EntityState entityState, Boolean acceptChanges, Nullable`1 forceStateWhenUnknownKey)
   at Microsoft.EntityFrameworkCore.ChangeTracking.Internal.EntityGraphAttacher.PaintAction(EntityEntryGraphNode node, Boolean force)
   at Microsoft.EntityFrameworkCore.ChangeTracking.Internal.EntityEntryGraphIterator.TraverseGraph[TState](EntityEntryGraphNode node, TState state, Func`3 handleNode)
   at Microsoft.EntityFrameworkCore.ChangeTracking.Internal.EntityGraphAttacher.AttachGraph(InternalEntityEntry rootEntry, EntityState entityState, Boolean forceStateWhenUnknownKey)
   at Microsoft.EntityFrameworkCore.DbContext.SetEntityState(InternalEntityEntry entry, EntityState entityState)
   at Microsoft.EntityFrameworkCore.DbContext.SetEntityState[TEntity](TEntity entity, EntityState entityState)
   at Microsoft.EntityFrameworkCore.DbContext.Update[TEntity](TEntity entity)
   at Crm.Service.GatewayService.HotSpotService.AddUpdateModel(HotSpotEntity model) in C:\my_chh_project\Crm_Pro_File\Crm.Service\GatewayService\HotSpotService.cs:line 81
   at Crm.WebApp.API.HotSpotController.SaveModel(HotSpotMapper model) in C:\my_chh_project\Crm_Pro_File\Crm.WebApp\API\HotSpotController.cs:line 105
2020-08-05 17:11:25,147 [21] ERROR  [(null)] - System.InvalidOperationException: The instance of entity type 'HotSpotEntity' cannot be tracked because another instance with the same key value for {'Id'} is already being tracked. When attaching existing entities, ensure that only one entity instance with a given key value is attached. Consider using 'DbContextOptionsBuilder.EnableSensitiveDataLogging' to see the conflicting key values.
   at Microsoft.EntityFrameworkCore.ChangeTracking.Internal.IdentityMap`1.ThrowIdentityConflict(InternalEntityEntry entry)
   at Microsoft.EntityFrameworkCore.ChangeTracking.Internal.IdentityMap`1.Add(TKey key, InternalEntityEntry entry, Boolean updateDuplicate)
   at Microsoft.EntityFrameworkCore.ChangeTracking.Internal.IdentityMap`1.Add(TKey key, InternalEntityEntry entry)
   at Microsoft.EntityFrameworkCore.ChangeTracking.Internal.IdentityMap`1.Add(InternalEntityEntry entry)
   at Microsoft.EntityFrameworkCore.ChangeTracking.Internal.StateManager.StartTracking(InternalEntityEntry entry)
   at Microsoft.EntityFrameworkCore.ChangeTracking.Internal.InternalEntityEntry.SetEntityState(EntityState oldState, EntityState newState, Boolean acceptChanges)
   at Microsoft.EntityFrameworkCore.ChangeTracking.Internal.InternalEntityEntry.SetEntityState(EntityState entityState, Boolean acceptChanges, Nullable`1 forceStateWhenUnknownKey)
   at Microsoft.EntityFrameworkCore.ChangeTracking.Internal.EntityGraphAttacher.PaintAction(EntityEntryGraphNode node, Boolean force)
   at Microsoft.EntityFrameworkCore.ChangeTracking.Internal.EntityEntryGraphIterator.TraverseGraph[TState](EntityEntryGraphNode node, TState state, Func`3 handleNode)
   at Microsoft.EntityFrameworkCore.ChangeTracking.Internal.EntityGraphAttacher.AttachGraph(InternalEntityEntry rootEntry, EntityState entityState, Boolean forceStateWhenUnknownKey)
   at Microsoft.EntityFrameworkCore.DbContext.SetEntityState(InternalEntityEntry entry, EntityState entityState)
   at Microsoft.EntityFrameworkCore.DbContext.SetEntityState[TEntity](TEntity entity, EntityState entityState)
   at Microsoft.EntityFrameworkCore.DbContext.Update[TEntity](TEntity entity)
   at Crm.Service.GatewayService.HotSpotService.AddUpdateModel(HotSpotEntity model) in C:\my_chh_project\Crm_Pro_File\Crm.Service\GatewayService\HotSpotService.cs:line 81
   at Crm.WebApp.API.HotSpotController.SaveModel(HotSpotMapper model) in C:\my_chh_project\Crm_Pro_File\Crm.WebApp\API\HotSpotController.cs:line 105
2020-08-05 17:12:28,803 [20] ERROR  [(null)] - System.InvalidOperationException: The instance of entity type 'HotSpotEntity' cannot be tracked because another instance with the same key value for {'Id'} is already being tracked. When attaching existing entities, ensure that only one entity instance with a given key value is attached. Consider using 'DbContextOptionsBuilder.EnableSensitiveDataLogging' to see the conflicting key values.
   at Microsoft.EntityFrameworkCore.ChangeTracking.Internal.IdentityMap`1.ThrowIdentityConflict(InternalEntityEntry entry)
   at Microsoft.EntityFrameworkCore.ChangeTracking.Internal.IdentityMap`1.Add(TKey key, InternalEntityEntry entry, Boolean updateDuplicate)
   at Microsoft.EntityFrameworkCore.ChangeTracking.Internal.IdentityMap`1.Add(TKey key, InternalEntityEntry entry)
   at Microsoft.EntityFrameworkCore.ChangeTracking.Internal.IdentityMap`1.Add(InternalEntityEntry entry)
   at Microsoft.EntityFrameworkCore.ChangeTracking.Internal.StateManager.StartTracking(InternalEntityEntry entry)
   at Microsoft.EntityFrameworkCore.ChangeTracking.Internal.InternalEntityEntry.SetEntityState(EntityState oldState, EntityState newState, Boolean acceptChanges)
   at Microsoft.EntityFrameworkCore.ChangeTracking.Internal.InternalEntityEntry.SetEntityState(EntityState entityState, Boolean acceptChanges, Nullable`1 forceStateWhenUnknownKey)
   at Microsoft.EntityFrameworkCore.ChangeTracking.Internal.EntityGraphAttacher.PaintAction(EntityEntryGraphNode node, Boolean force)
   at Microsoft.EntityFrameworkCore.ChangeTracking.Internal.EntityEntryGraphIterator.TraverseGraph[TState](EntityEntryGraphNode node, TState state, Func`3 handleNode)
   at Microsoft.EntityFrameworkCore.ChangeTracking.Internal.EntityGraphAttacher.AttachGraph(InternalEntityEntry rootEntry, EntityState entityState, Boolean forceStateWhenUnknownKey)
   at Microsoft.EntityFrameworkCore.DbContext.SetEntityState(InternalEntityEntry entry, EntityState entityState)
   at Microsoft.EntityFrameworkCore.DbContext.SetEntityState[TEntity](TEntity entity, EntityState entityState)
   at Microsoft.EntityFrameworkCore.DbContext.Update[TEntity](TEntity entity)
   at Crm.Service.GatewayService.HotSpotService.AddUpdateModel(HotSpotEntity model) in C:\my_chh_project\Crm_Pro_File\Crm.Service\GatewayService\HotSpotService.cs:line 81
   at Crm.WebApp.API.HotSpotController.SaveModel(HotSpotMapper model) in C:\my_chh_project\Crm_Pro_File\Crm.WebApp\API\HotSpotController.cs:line 105
2020-08-05 17:12:59,997 [20] ERROR  [(null)] - System.InvalidOperationException: The instance of entity type 'HotSpotEntity' cannot be tracked because another instance with the same key value for {'Id'} is already being tracked. When attaching existing entities, ensure that only one entity instance with a given key value is attached. Consider using 'DbContextOptionsBuilder.EnableSensitiveDataLogging' to see the conflicting key values.
   at Microsoft.EntityFrameworkCore.ChangeTracking.Internal.IdentityMap`1.ThrowIdentityConflict(InternalEntityEntry entry)
   at Microsoft.EntityFrameworkCore.ChangeTracking.Internal.IdentityMap`1.Add(TKey key, InternalEntityEntry entry, Boolean updateDuplicate)
   at Microsoft.EntityFrameworkCore.ChangeTracking.Internal.IdentityMap`1.Add(TKey key, InternalEntityEntry entry)
   at Microsoft.EntityFrameworkCore.ChangeTracking.Internal.IdentityMap`1.Add(InternalEntityEntry entry)
   at Microsoft.EntityFrameworkCore.ChangeTracking.Internal.StateManager.StartTracking(InternalEntityEntry entry)
   at Microsoft.EntityFrameworkCore.ChangeTracking.Internal.InternalEntityEntry.SetEntityState(EntityState oldState, EntityState newState, Boolean acceptChanges)
   at Microsoft.EntityFrameworkCore.ChangeTracking.Internal.InternalEntityEntry.SetEntityState(EntityState entityState, Boolean acceptChanges, Nullable`1 forceStateWhenUnknownKey)
   at Microsoft.EntityFrameworkCore.ChangeTracking.Internal.EntityGraphAttacher.PaintAction(EntityEntryGraphNode node, Boolean force)
   at Microsoft.EntityFrameworkCore.ChangeTracking.Internal.EntityEntryGraphIterator.TraverseGraph[TState](EntityEntryGraphNode node, TState state, Func`3 handleNode)
   at Microsoft.EntityFrameworkCore.ChangeTracking.Internal.EntityGraphAttacher.AttachGraph(InternalEntityEntry rootEntry, EntityState entityState, Boolean forceStateWhenUnknownKey)
   at Microsoft.EntityFrameworkCore.DbContext.SetEntityState(InternalEntityEntry entry, EntityState entityState)
   at Microsoft.EntityFrameworkCore.DbContext.SetEntityState[TEntity](TEntity entity, EntityState entityState)
   at Microsoft.EntityFrameworkCore.DbContext.Update[TEntity](TEntity entity)
   at Crm.Service.GatewayService.HotSpotService.AddUpdateModel(HotSpotEntity model) in C:\my_chh_project\Crm_Pro_File\Crm.Service\GatewayService\HotSpotService.cs:line 81
   at Crm.WebApp.API.HotSpotController.SaveModel(HotSpotMapper model) in C:\my_chh_project\Crm_Pro_File\Crm.WebApp\API\HotSpotController.cs:line 105
2020-08-05 17:22:55,909 [12] ERROR  [(null)] - 自动登陆过期,请重新登陆!!!
2020-08-05 17:24:04,767 [15] ERROR  [(null)] - System.InvalidOperationException: The instance of entity type 'HotSpotEntity' cannot be tracked because another instance with the same key value for {'Id'} is already being tracked. When attaching existing entities, ensure that only one entity instance with a given key value is attached. Consider using 'DbContextOptionsBuilder.EnableSensitiveDataLogging' to see the conflicting key values.
   at Microsoft.EntityFrameworkCore.ChangeTracking.Internal.IdentityMap`1.ThrowIdentityConflict(InternalEntityEntry entry)
   at Microsoft.EntityFrameworkCore.ChangeTracking.Internal.IdentityMap`1.Add(TKey key, InternalEntityEntry entry, Boolean updateDuplicate)
   at Microsoft.EntityFrameworkCore.ChangeTracking.Internal.IdentityMap`1.Add(TKey key, InternalEntityEntry entry)
   at Microsoft.EntityFrameworkCore.ChangeTracking.Internal.IdentityMap`1.Add(InternalEntityEntry entry)
   at Microsoft.EntityFrameworkCore.ChangeTracking.Internal.StateManager.StartTracking(InternalEntityEntry entry)
   at Microsoft.EntityFrameworkCore.ChangeTracking.Internal.InternalEntityEntry.SetEntityState(EntityState oldState, EntityState newState, Boolean acceptChanges)
   at Microsoft.EntityFrameworkCore.ChangeTracking.Internal.InternalEntityEntry.SetEntityState(EntityState entityState, Boolean acceptChanges, Nullable`1 forceStateWhenUnknownKey)
   at Microsoft.EntityFrameworkCore.ChangeTracking.Internal.EntityGraphAttacher.PaintAction(EntityEntryGraphNode node, Boolean force)
   at Microsoft.EntityFrameworkCore.ChangeTracking.Internal.EntityEntryGraphIterator.TraverseGraph[TState](EntityEntryGraphNode node, TState state, Func`3 handleNode)
   at Microsoft.EntityFrameworkCore.ChangeTracking.Internal.EntityGraphAttacher.AttachGraph(InternalEntityEntry rootEntry, EntityState entityState, Boolean forceStateWhenUnknownKey)
   at Microsoft.EntityFrameworkCore.DbContext.SetEntityState(InternalEntityEntry entry, EntityState entityState)
   at Microsoft.EntityFrameworkCore.DbContext.SetEntityState[TEntity](TEntity entity, EntityState entityState)
   at Microsoft.EntityFrameworkCore.DbContext.Update[TEntity](TEntity entity)
   at Crm.Service.GatewayService.HotSpotService.AddUpdateModel(HotSpotEntity model) in C:\my_chh_project\Crm_Pro_File\Crm.Service\GatewayService\HotSpotService.cs:line 81
   at Crm.WebApp.API.HotSpotController.SaveModel(HotSpotEntity saveEntity) in C:\my_chh_project\Crm_Pro_File\Crm.WebApp\API\HotSpotController.cs:line 105
2020-08-05 17:24:39,069 [5] ERROR  [(null)] - System.InvalidOperationException: The instance of entity type 'HotSpotEntity' cannot be tracked because another instance with the same key value for {'Id'} is already being tracked. When attaching existing entities, ensure that only one entity instance with a given key value is attached. Consider using 'DbContextOptionsBuilder.EnableSensitiveDataLogging' to see the conflicting key values.
   at Microsoft.EntityFrameworkCore.ChangeTracking.Internal.IdentityMap`1.ThrowIdentityConflict(InternalEntityEntry entry)
   at Microsoft.EntityFrameworkCore.ChangeTracking.Internal.IdentityMap`1.Add(TKey key, InternalEntityEntry entry, Boolean updateDuplicate)
   at Microsoft.EntityFrameworkCore.ChangeTracking.Internal.IdentityMap`1.Add(TKey key, InternalEntityEntry entry)
   at Microsoft.EntityFrameworkCore.ChangeTracking.Internal.IdentityMap`1.Add(InternalEntityEntry entry)
   at Microsoft.EntityFrameworkCore.ChangeTracking.Internal.StateManager.StartTracking(InternalEntityEntry entry)
   at Microsoft.EntityFrameworkCore.ChangeTracking.Internal.InternalEntityEntry.SetEntityState(EntityState oldState, EntityState newState, Boolean acceptChanges)
   at Microsoft.EntityFrameworkCore.ChangeTracking.Internal.InternalEntityEntry.SetEntityState(EntityState entityState, Boolean acceptChanges, Nullable`1 forceStateWhenUnknownKey)
   at Microsoft.EntityFrameworkCore.ChangeTracking.Internal.EntityGraphAttacher.PaintAction(EntityEntryGraphNode node, Boolean force)
   at Microsoft.EntityFrameworkCore.ChangeTracking.Internal.EntityEntryGraphIterator.TraverseGraph[TState](EntityEntryGraphNode node, TState state, Func`3 handleNode)
   at Microsoft.EntityFrameworkCore.ChangeTracking.Internal.EntityGraphAttacher.AttachGraph(InternalEntityEntry rootEntry, EntityState entityState, Boolean forceStateWhenUnknownKey)
   at Microsoft.EntityFrameworkCore.DbContext.SetEntityState(InternalEntityEntry entry, EntityState entityState)
   at Microsoft.EntityFrameworkCore.DbContext.SetEntityState[TEntity](TEntity entity, EntityState entityState)
   at Microsoft.EntityFrameworkCore.DbContext.Update[TEntity](TEntity entity)
   at Crm.Service.GatewayService.HotSpotService.AddUpdateModel(HotSpotEntity model) in C:\my_chh_project\Crm_Pro_File\Crm.Service\GatewayService\HotSpotService.cs:line 81
   at Crm.WebApp.API.HotSpotController.SaveModel(HotSpotEntity saveEntity) in C:\my_chh_project\Crm_Pro_File\Crm.WebApp\API\HotSpotController.cs:line 105
2020-08-06 14:16:41,326 [15] ERROR  [(null)] - System.Data.SqlClient.SqlException (0x80131904): 列名 'SortNum' 无效。
   at System.Data.SqlClient.SqlConnection.OnError(SqlException exception, Boolean breakConnection, Action`1 wrapCloseInAction)
   at System.Data.SqlClient.SqlInternalConnection.OnError(SqlException exception, Boolean breakConnection, Action`1 wrapCloseInAction)
   at System.Data.SqlClient.TdsParser.ThrowExceptionAndWarning(TdsParserStateObject stateObj, Boolean callerHasConnectionLock, Boolean asyncClose)
   at System.Data.SqlClient.TdsParser.TryRun(RunBehavior runBehavior, SqlCommand cmdHandler, SqlDataReader dataStream, BulkCopySimpleResultSet bulkCopyHandler, TdsParserStateObject stateObj, Boolean& dataReady)
   at System.Data.SqlClient.SqlDataReader.TryConsumeMetaData()
   at System.Data.SqlClient.SqlDataReader.get_MetaData()
   at System.Data.SqlClient.SqlCommand.FinishExecuteReader(SqlDataReader ds, RunBehavior runBehavior, String resetOptionsString)
   at System.Data.SqlClient.SqlCommand.RunExecuteReaderTds(CommandBehavior cmdBehavior, RunBehavior runBehavior, Boolean returnStream, Boolean async, Int32 timeout, Task& task, Boolean asyncWrite, SqlDataReader ds)
   at System.Data.SqlClient.SqlCommand.RunExecuteReader(CommandBehavior cmdBehavior, RunBehavior runBehavior, Boolean returnStream, TaskCompletionSource`1 completion, Int32 timeout, Task& task, Boolean asyncWrite, String method)
   at System.Data.SqlClient.SqlCommand.ExecuteReader(CommandBehavior behavior)
   at System.Data.SqlClient.SqlCommand.ExecuteDbDataReader(CommandBehavior behavior)
   at System.Data.Common.DbCommand.ExecuteReader()
   at Microsoft.EntityFrameworkCore.Storage.Internal.RelationalCommand.Execute(IRelationalConnection connection, DbCommandMethod executeMethod, IReadOnlyDictionary`2 parameterValues)
   at Microsoft.EntityFrameworkCore.Storage.Internal.RelationalCommand.ExecuteReader(IRelationalConnection connection, IReadOnlyDictionary`2 parameterValues)
   at Microsoft.EntityFrameworkCore.Query.Internal.QueryingEnumerable`1.Enumerator.BufferlessMoveNext(DbContext _, Boolean buffer)
   at Microsoft.EntityFrameworkCore.SqlServer.Storage.Internal.SqlServerExecutionStrategy.Execute[TState,TResult](TState state, Func`3 operation, Func`3 verifySucceeded)
   at Microsoft.EntityFrameworkCore.Query.Internal.QueryingEnumerable`1.Enumerator.MoveNext()
   at Microsoft.EntityFrameworkCore.Query.Internal.LinqOperatorProvider._TrackEntities[TOut,TIn](IEnumerable`1 results, QueryContext queryContext, IList`1 entityTrackingInfos, IList`1 entityAccessors)+MoveNext()
   at Microsoft.EntityFrameworkCore.Query.Internal.LinqOperatorProvider.ExceptionInterceptor`1.EnumeratorExceptionInterceptor.MoveNext()
   at System.Collections.Generic.List`1.AddEnumerable(IEnumerable`1 enumerable)
   at System.Linq.Enumerable.ToList[TSource](IEnumerable`1 source)
   at Crm.Service.GatewayService.TabMenuService.GetPageList(String name, Int32 page, Int32 rows, Int32& count) in C:\my_chh_project\Crm_Pro_File\Crm.Service\GatewayService\TabMenuService.cs:line 53
   at Crm.WebApp.API.TabMenuController.GetData(String title, Int32 page, Int32 limit) in C:\my_chh_project\Crm_Pro_File\Crm.WebApp\API\TabMenuController.cs:line 49
ClientConnectionId:dbe14c4d-7c0f-4e45-8935-1265f0cc1f4e
Error Number:207,State:1,Class:16
2020-08-06 14:16:49,379 [10] ERROR  [(null)] - System.Data.SqlClient.SqlException (0x80131904): 列名 'SortNum' 无效。
   at System.Data.SqlClient.SqlConnection.OnError(SqlException exception, Boolean breakConnection, Action`1 wrapCloseInAction)
   at System.Data.SqlClient.SqlInternalConnection.OnError(SqlException exception, Boolean breakConnection, Action`1 wrapCloseInAction)
   at System.Data.SqlClient.TdsParser.ThrowExceptionAndWarning(TdsParserStateObject stateObj, Boolean callerHasConnectionLock, Boolean asyncClose)
   at System.Data.SqlClient.TdsParser.TryRun(RunBehavior runBehavior, SqlCommand cmdHandler, SqlDataReader dataStream, BulkCopySimpleResultSet bulkCopyHandler, TdsParserStateObject stateObj, Boolean& dataReady)
   at System.Data.SqlClient.SqlDataReader.TryConsumeMetaData()
   at System.Data.SqlClient.SqlDataReader.get_MetaData()
   at System.Data.SqlClient.SqlCommand.FinishExecuteReader(SqlDataReader ds, RunBehavior runBehavior, String resetOptionsString)
   at System.Data.SqlClient.SqlCommand.RunExecuteReaderTds(CommandBehavior cmdBehavior, RunBehavior runBehavior, Boolean returnStream, Boolean async, Int32 timeout, Task& task, Boolean asyncWrite, SqlDataReader ds)
   at System.Data.SqlClient.SqlCommand.RunExecuteReader(CommandBehavior cmdBehavior, RunBehavior runBehavior, Boolean returnStream, TaskCompletionSource`1 completion, Int32 timeout, Task& task, Boolean asyncWrite, String method)
   at System.Data.SqlClient.SqlCommand.ExecuteReader(CommandBehavior behavior)
   at System.Data.SqlClient.SqlCommand.ExecuteDbDataReader(CommandBehavior behavior)
   at System.Data.Common.DbCommand.ExecuteReader()
   at Microsoft.EntityFrameworkCore.Storage.Internal.RelationalCommand.Execute(IRelationalConnection connection, DbCommandMethod executeMethod, IReadOnlyDictionary`2 parameterValues)
   at Microsoft.EntityFrameworkCore.Storage.Internal.RelationalCommand.ExecuteReader(IRelationalConnection connection, IReadOnlyDictionary`2 parameterValues)
   at Microsoft.EntityFrameworkCore.Query.Internal.QueryingEnumerable`1.Enumerator.BufferlessMoveNext(DbContext _, Boolean buffer)
   at Microsoft.EntityFrameworkCore.SqlServer.Storage.Internal.SqlServerExecutionStrategy.Execute[TState,TResult](TState state, Func`3 operation, Func`3 verifySucceeded)
   at Microsoft.EntityFrameworkCore.Query.Internal.QueryingEnumerable`1.Enumerator.MoveNext()
   at Microsoft.EntityFrameworkCore.Query.Internal.LinqOperatorProvider._TrackEntities[TOut,TIn](IEnumerable`1 results, QueryContext queryContext, IList`1 entityTrackingInfos, IList`1 entityAccessors)+MoveNext()
   at Microsoft.EntityFrameworkCore.Query.Internal.LinqOperatorProvider.ExceptionInterceptor`1.EnumeratorExceptionInterceptor.MoveNext()
   at System.Collections.Generic.List`1.AddEnumerable(IEnumerable`1 enumerable)
   at System.Linq.Enumerable.ToList[TSource](IEnumerable`1 source)
   at Crm.Service.GatewayService.TabMenuService.GetPageList(String name, Int32 page, Int32 rows, Int32& count) in C:\my_chh_project\Crm_Pro_File\Crm.Service\GatewayService\TabMenuService.cs:line 53
   at Crm.WebApp.API.TabMenuController.GetData(String title, Int32 page, Int32 limit) in C:\my_chh_project\Crm_Pro_File\Crm.WebApp\API\TabMenuController.cs:line 49
ClientConnectionId:dbe14c4d-7c0f-4e45-8935-1265f0cc1f4e
Error Number:207,State:1,Class:16
2020-08-07 17:23:01,055 [42] ERROR  [(null)] - Microsoft.EntityFrameworkCore.DbUpdateException: An error occurred while updating the entries. See the inner exception for details. ---> System.Data.SqlClient.SqlException: 不能将值 NULL 插入列 'NewsContent'，表 'Cms_Pro.dbo.tb_HotNews'；列不允许有 Null 值。INSERT 失败。
语句已终止。
   at System.Data.SqlClient.SqlConnection.OnError(SqlException exception, Boolean breakConnection, Action`1 wrapCloseInAction)
   at System.Data.SqlClient.SqlInternalConnection.OnError(SqlException exception, Boolean breakConnection, Action`1 wrapCloseInAction)
   at System.Data.SqlClient.TdsParser.ThrowExceptionAndWarning(TdsParserStateObject stateObj, Boolean callerHasConnectionLock, Boolean asyncClose)
   at System.Data.SqlClient.TdsParser.TryRun(RunBehavior runBehavior, SqlCommand cmdHandler, SqlDataReader dataStream, BulkCopySimpleResultSet bulkCopyHandler, TdsParserStateObject stateObj, Boolean& dataReady)
   at System.Data.SqlClient.SqlDataReader.TryConsumeMetaData()
   at System.Data.SqlClient.SqlDataReader.get_MetaData()
   at System.Data.SqlClient.SqlCommand.FinishExecuteReader(SqlDataReader ds, RunBehavior runBehavior, String resetOptionsString)
   at System.Data.SqlClient.SqlCommand.RunExecuteReaderTds(CommandBehavior cmdBehavior, RunBehavior runBehavior, Boolean returnStream, Boolean async, Int32 timeout, Task& task, Boolean asyncWrite, SqlDataReader ds)
   at System.Data.SqlClient.SqlCommand.RunExecuteReader(CommandBehavior cmdBehavior, RunBehavior runBehavior, Boolean returnStream, TaskCompletionSource`1 completion, Int32 timeout, Task& task, Boolean asyncWrite, String method)
   at System.Data.SqlClient.SqlCommand.ExecuteReader(CommandBehavior behavior)
   at System.Data.SqlClient.SqlCommand.ExecuteDbDataReader(CommandBehavior behavior)
   at System.Data.Common.DbCommand.ExecuteReader()
   at Microsoft.EntityFrameworkCore.Storage.Internal.RelationalCommand.Execute(IRelationalConnection connection, DbCommandMethod executeMethod, IReadOnlyDictionary`2 parameterValues)
   at Microsoft.EntityFrameworkCore.Storage.Internal.RelationalCommand.ExecuteReader(IRelationalConnection connection, IReadOnlyDictionary`2 parameterValues)
   at Microsoft.EntityFrameworkCore.Update.ReaderModificationCommandBatch.Execute(IRelationalConnection connection)
   --- End of inner exception stack trace ---
   at Microsoft.EntityFrameworkCore.Update.ReaderModificationCommandBatch.Execute(IRelationalConnection connection)
   at Microsoft.EntityFrameworkCore.Update.Internal.BatchExecutor.Execute(DbContext _, ValueTuple`2 parameters)
   at Microsoft.EntityFrameworkCore.SqlServer.Storage.Internal.SqlServerExecutionStrategy.Execute[TState,TResult](TState state, Func`3 operation, Func`3 verifySucceeded)
   at Microsoft.EntityFrameworkCore.Update.Internal.BatchExecutor.Execute(IEnumerable`1 commandBatches, IRelationalConnection connection)
   at Microsoft.EntityFrameworkCore.Storage.RelationalDatabase.SaveChanges(IReadOnlyList`1 entries)
   at Microsoft.EntityFrameworkCore.ChangeTracking.Internal.StateManager.SaveChanges(IReadOnlyList`1 entriesToSave)
   at Microsoft.EntityFrameworkCore.ChangeTracking.Internal.StateManager.SaveChanges(Boolean acceptAllChangesOnSuccess)
   at Microsoft.EntityFrameworkCore.DbContext.SaveChanges(Boolean acceptAllChangesOnSuccess)
   at Microsoft.EntityFrameworkCore.DbContext.SaveChanges()
   at Crm.Service.GatewayService.HotNewsService.AddUpdateModel(HotNewsEntity model) in C:\my_chh_project\Crm_Pro_File\Crm.Service\GatewayService\HotNewsService.cs:line 83
   at Crm.WebApp.API.HotNewsController.SaveModel(HotNewsMapper model) in C:\my_chh_project\Crm_Pro_File\Crm.WebApp\API\HotNewsController.cs:line 105
2020-08-07 17:23:42,993 [56] ERROR  [(null)] - System.Data.SqlTypes.SqlNullValueException: Data is Null. This method or property cannot be called on Null values.
   at System.Data.SqlClient.SqlBuffer.get_String()
   at System.Data.SqlClient.SqlDataReader.GetString(Int32 i)
   at lambda_method(Closure , DbDataReader )
   at Microsoft.EntityFrameworkCore.Storage.Internal.TypedRelationalValueBufferFactory.Create(DbDataReader dataReader)
   at Microsoft.EntityFrameworkCore.Query.Internal.QueryingEnumerable`1.Enumerator.BufferlessMoveNext(DbContext _, Boolean buffer)
   at Microsoft.EntityFrameworkCore.SqlServer.Storage.Internal.SqlServerExecutionStrategy.Execute[TState,TResult](TState state, Func`3 operation, Func`3 verifySucceeded)
   at Microsoft.EntityFrameworkCore.Query.Internal.QueryingEnumerable`1.Enumerator.MoveNext()
   at Microsoft.EntityFrameworkCore.Query.Internal.LinqOperatorProvider._TrackEntities[TOut,TIn](IEnumerable`1 results, QueryContext queryContext, IList`1 entityTrackingInfos, IList`1 entityAccessors)+MoveNext()
   at Microsoft.EntityFrameworkCore.Query.Internal.LinqOperatorProvider.ExceptionInterceptor`1.EnumeratorExceptionInterceptor.MoveNext()
   at System.Collections.Generic.List`1.AddEnumerable(IEnumerable`1 enumerable)
   at System.Linq.Enumerable.ToList[TSource](IEnumerable`1 source)
   at Crm.Service.GatewayService.HotNewsService.GetPageList(String title, Int32 page, Int32 rows, Int32& count) in C:\my_chh_project\Crm_Pro_File\Crm.Service\GatewayService\HotNewsService.cs:line 53
   at Crm.WebApp.API.HotNewsController.GetData(String title, Int32 page, Int32 limit) in C:\my_chh_project\Crm_Pro_File\Crm.WebApp\API\HotNewsController.cs:line 50
2020-11-16 17:53:47,922 [11] ERROR  [(null)] - Microsoft.EntityFrameworkCore.DbUpdateConcurrencyException: Database operation expected to affect 1 row(s) but actually affected 0 row(s). Data may have been modified or deleted since entities were loaded. See http://go.microsoft.com/fwlink/?LinkId=527962 for information on understanding and handling optimistic concurrency exceptions.
   at Microsoft.EntityFrameworkCore.Update.AffectedCountModificationCommandBatch.ThrowAggregateUpdateConcurrencyException(Int32 commandIndex, Int32 expectedRowsAffected, Int32 rowsAffected)
   at Microsoft.EntityFrameworkCore.Update.AffectedCountModificationCommandBatch.ConsumeResultSetWithoutPropagation(Int32 commandIndex, RelationalDataReader reader)
   at Microsoft.EntityFrameworkCore.Update.AffectedCountModificationCommandBatch.Consume(RelationalDataReader reader)
   at Microsoft.EntityFrameworkCore.Update.ReaderModificationCommandBatch.Execute(IRelationalConnection connection)
   at Microsoft.EntityFrameworkCore.Update.Internal.BatchExecutor.Execute(DbContext _, ValueTuple`2 parameters)
   at Microsoft.EntityFrameworkCore.SqlServer.Storage.Internal.SqlServerExecutionStrategy.Execute[TState,TResult](TState state, Func`3 operation, Func`3 verifySucceeded)
   at Microsoft.EntityFrameworkCore.Update.Internal.BatchExecutor.Execute(IEnumerable`1 commandBatches, IRelationalConnection connection)
   at Microsoft.EntityFrameworkCore.Storage.RelationalDatabase.SaveChanges(IReadOnlyList`1 entries)
   at Microsoft.EntityFrameworkCore.ChangeTracking.Internal.StateManager.SaveChanges(IReadOnlyList`1 entriesToSave)
   at Microsoft.EntityFrameworkCore.ChangeTracking.Internal.StateManager.SaveChanges(Boolean acceptAllChangesOnSuccess)
   at Microsoft.EntityFrameworkCore.DbContext.SaveChanges(Boolean acceptAllChangesOnSuccess)
   at Microsoft.EntityFrameworkCore.DbContext.SaveChanges()
   at Crm.Service.ProductManageService.ProductService.AddUpdateModel(ProductEntity model) in C:\my_chh_project\Crm_Pro_File\Crm.Service\ProductManageService\ProductService.cs:line 87
   at Crm.WebApp.API.ProductController.SaveModel(ProductMapper model) in C:\my_chh_project\Crm_Pro_File\Crm.WebApp\API\ProductController.cs:line 112
2020-11-16 17:54:18,516 [24] ERROR  [(null)] - Microsoft.EntityFrameworkCore.DbUpdateConcurrencyException: Database operation expected to affect 1 row(s) but actually affected 0 row(s). Data may have been modified or deleted since entities were loaded. See http://go.microsoft.com/fwlink/?LinkId=527962 for information on understanding and handling optimistic concurrency exceptions.
   at Microsoft.EntityFrameworkCore.Update.AffectedCountModificationCommandBatch.ThrowAggregateUpdateConcurrencyException(Int32 commandIndex, Int32 expectedRowsAffected, Int32 rowsAffected)
   at Microsoft.EntityFrameworkCore.Update.AffectedCountModificationCommandBatch.ConsumeResultSetWithoutPropagation(Int32 commandIndex, RelationalDataReader reader)
   at Microsoft.EntityFrameworkCore.Update.AffectedCountModificationCommandBatch.Consume(RelationalDataReader reader)
   at Microsoft.EntityFrameworkCore.Update.ReaderModificationCommandBatch.Execute(IRelationalConnection connection)
   at Microsoft.EntityFrameworkCore.Update.Internal.BatchExecutor.Execute(DbContext _, ValueTuple`2 parameters)
   at Microsoft.EntityFrameworkCore.SqlServer.Storage.Internal.SqlServerExecutionStrategy.Execute[TState,TResult](TState state, Func`3 operation, Func`3 verifySucceeded)
   at Microsoft.EntityFrameworkCore.Update.Internal.BatchExecutor.Execute(IEnumerable`1 commandBatches, IRelationalConnection connection)
   at Microsoft.EntityFrameworkCore.Storage.RelationalDatabase.SaveChanges(IReadOnlyList`1 entries)
   at Microsoft.EntityFrameworkCore.ChangeTracking.Internal.StateManager.SaveChanges(IReadOnlyList`1 entriesToSave)
   at Microsoft.EntityFrameworkCore.ChangeTracking.Internal.StateManager.SaveChanges(Boolean acceptAllChangesOnSuccess)
   at Microsoft.EntityFrameworkCore.DbContext.SaveChanges(Boolean acceptAllChangesOnSuccess)
   at Microsoft.EntityFrameworkCore.DbContext.SaveChanges()
   at Crm.Service.ProductManageService.ProductService.AddUpdateModel(ProductEntity model) in C:\my_chh_project\Crm_Pro_File\Crm.Service\ProductManageService\ProductService.cs:line 87
   at Crm.WebApp.API.ProductController.SaveModel(ProductMapper model) in C:\my_chh_project\Crm_Pro_File\Crm.WebApp\API\ProductController.cs:line 112
2020-11-16 17:54:55,256 [31] ERROR  [(null)] - Microsoft.EntityFrameworkCore.DbUpdateException: An error occurred while updating the entries. See the inner exception for details. ---> System.Data.SqlClient.SqlException: 不能将值 NULL 插入列 'TypeName'，表 'Cms_Pro.dbo.tb_ProductVideo'；列不允许有 Null 值。UPDATE 失败。
语句已终止。
   at System.Data.SqlClient.SqlConnection.OnError(SqlException exception, Boolean breakConnection, Action`1 wrapCloseInAction)
   at System.Data.SqlClient.SqlInternalConnection.OnError(SqlException exception, Boolean breakConnection, Action`1 wrapCloseInAction)
   at System.Data.SqlClient.TdsParser.ThrowExceptionAndWarning(TdsParserStateObject stateObj, Boolean callerHasConnectionLock, Boolean asyncClose)
   at System.Data.SqlClient.TdsParser.TryRun(RunBehavior runBehavior, SqlCommand cmdHandler, SqlDataReader dataStream, BulkCopySimpleResultSet bulkCopyHandler, TdsParserStateObject stateObj, Boolean& dataReady)
   at System.Data.SqlClient.SqlDataReader.TryConsumeMetaData()
   at System.Data.SqlClient.SqlDataReader.get_MetaData()
   at System.Data.SqlClient.SqlCommand.FinishExecuteReader(SqlDataReader ds, RunBehavior runBehavior, String resetOptionsString)
   at System.Data.SqlClient.SqlCommand.RunExecuteReaderTds(CommandBehavior cmdBehavior, RunBehavior runBehavior, Boolean returnStream, Boolean async, Int32 timeout, Task& task, Boolean asyncWrite, SqlDataReader ds)
   at System.Data.SqlClient.SqlCommand.RunExecuteReader(CommandBehavior cmdBehavior, RunBehavior runBehavior, Boolean returnStream, TaskCompletionSource`1 completion, Int32 timeout, Task& task, Boolean asyncWrite, String method)
   at System.Data.SqlClient.SqlCommand.ExecuteReader(CommandBehavior behavior)
   at System.Data.SqlClient.SqlCommand.ExecuteDbDataReader(CommandBehavior behavior)
   at System.Data.Common.DbCommand.ExecuteReader()
   at Microsoft.EntityFrameworkCore.Storage.Internal.RelationalCommand.Execute(IRelationalConnection connection, DbCommandMethod executeMethod, IReadOnlyDictionary`2 parameterValues)
   at Microsoft.EntityFrameworkCore.Storage.Internal.RelationalCommand.ExecuteReader(IRelationalConnection connection, IReadOnlyDictionary`2 parameterValues)
   at Microsoft.EntityFrameworkCore.Update.ReaderModificationCommandBatch.Execute(IRelationalConnection connection)
   --- End of inner exception stack trace ---
   at Microsoft.EntityFrameworkCore.Update.ReaderModificationCommandBatch.Execute(IRelationalConnection connection)
   at Microsoft.EntityFrameworkCore.Update.Internal.BatchExecutor.Execute(DbContext _, ValueTuple`2 parameters)
   at Microsoft.EntityFrameworkCore.SqlServer.Storage.Internal.SqlServerExecutionStrategy.Execute[TState,TResult](TState state, Func`3 operation, Func`3 verifySucceeded)
   at Microsoft.EntityFrameworkCore.Update.Internal.BatchExecutor.Execute(IEnumerable`1 commandBatches, IRelationalConnection connection)
   at Microsoft.EntityFrameworkCore.Storage.RelationalDatabase.SaveChanges(IReadOnlyList`1 entries)
   at Microsoft.EntityFrameworkCore.ChangeTracking.Internal.StateManager.SaveChanges(IReadOnlyList`1 entriesToSave)
   at Microsoft.EntityFrameworkCore.ChangeTracking.Internal.StateManager.SaveChanges(Boolean acceptAllChangesOnSuccess)
   at Microsoft.EntityFrameworkCore.DbContext.SaveChanges(Boolean acceptAllChangesOnSuccess)
   at Microsoft.EntityFrameworkCore.DbContext.SaveChanges()
   at Crm.Service.ProductManageService.ProductService.AddUpdateVideoModel(ProductVideoEntity model) in C:\my_chh_project\Crm_Pro_File\Crm.Service\ProductManageService\ProductService.cs:line 183
   at Crm.WebApp.API.ProductController.SaveVideoModel(ProductVideoMapper model) in C:\my_chh_project\Crm_Pro_File\Crm.WebApp\API\ProductController.cs:line 234
2020-11-16 17:56:23,890 [29] ERROR  [(null)] - Microsoft.EntityFrameworkCore.DbUpdateException: An error occurred while updating the entries. See the inner exception for details. ---> System.Data.SqlClient.SqlException: 不能将值 NULL 插入列 'TypeName'，表 'Cms_Pro.dbo.tb_ProductVideo'；列不允许有 Null 值。UPDATE 失败。
语句已终止。
   at System.Data.SqlClient.SqlConnection.OnError(SqlException exception, Boolean breakConnection, Action`1 wrapCloseInAction)
   at System.Data.SqlClient.SqlInternalConnection.OnError(SqlException exception, Boolean breakConnection, Action`1 wrapCloseInAction)
   at System.Data.SqlClient.TdsParser.ThrowExceptionAndWarning(TdsParserStateObject stateObj, Boolean callerHasConnectionLock, Boolean asyncClose)
   at System.Data.SqlClient.TdsParser.TryRun(RunBehavior runBehavior, SqlCommand cmdHandler, SqlDataReader dataStream, BulkCopySimpleResultSet bulkCopyHandler, TdsParserStateObject stateObj, Boolean& dataReady)
   at System.Data.SqlClient.SqlDataReader.TryConsumeMetaData()
   at System.Data.SqlClient.SqlDataReader.get_MetaData()
   at System.Data.SqlClient.SqlCommand.FinishExecuteReader(SqlDataReader ds, RunBehavior runBehavior, String resetOptionsString)
   at System.Data.SqlClient.SqlCommand.RunExecuteReaderTds(CommandBehavior cmdBehavior, RunBehavior runBehavior, Boolean returnStream, Boolean async, Int32 timeout, Task& task, Boolean asyncWrite, SqlDataReader ds)
   at System.Data.SqlClient.SqlCommand.RunExecuteReader(CommandBehavior cmdBehavior, RunBehavior runBehavior, Boolean returnStream, TaskCompletionSource`1 completion, Int32 timeout, Task& task, Boolean asyncWrite, String method)
   at System.Data.SqlClient.SqlCommand.ExecuteReader(CommandBehavior behavior)
   at System.Data.SqlClient.SqlCommand.ExecuteDbDataReader(CommandBehavior behavior)
   at System.Data.Common.DbCommand.ExecuteReader()
   at Microsoft.EntityFrameworkCore.Storage.Internal.RelationalCommand.Execute(IRelationalConnection connection, DbCommandMethod executeMethod, IReadOnlyDictionary`2 parameterValues)
   at Microsoft.EntityFrameworkCore.Storage.Internal.RelationalCommand.ExecuteReader(IRelationalConnection connection, IReadOnlyDictionary`2 parameterValues)
   at Microsoft.EntityFrameworkCore.Update.ReaderModificationCommandBatch.Execute(IRelationalConnection connection)
   --- End of inner exception stack trace ---
   at Microsoft.EntityFrameworkCore.Update.ReaderModificationCommandBatch.Execute(IRelationalConnection connection)
   at Microsoft.EntityFrameworkCore.Update.Internal.BatchExecutor.Execute(DbContext _, ValueTuple`2 parameters)
   at Microsoft.EntityFrameworkCore.SqlServer.Storage.Internal.SqlServerExecutionStrategy.Execute[TState,TResult](TState state, Func`3 operation, Func`3 verifySucceeded)
   at Microsoft.EntityFrameworkCore.Update.Internal.BatchExecutor.Execute(IEnumerable`1 commandBatches, IRelationalConnection connection)
   at Microsoft.EntityFrameworkCore.Storage.RelationalDatabase.SaveChanges(IReadOnlyList`1 entries)
   at Microsoft.EntityFrameworkCore.ChangeTracking.Internal.StateManager.SaveChanges(IReadOnlyList`1 entriesToSave)
   at Microsoft.EntityFrameworkCore.ChangeTracking.Internal.StateManager.SaveChanges(Boolean acceptAllChangesOnSuccess)
   at Microsoft.EntityFrameworkCore.DbContext.SaveChanges(Boolean acceptAllChangesOnSuccess)
   at Microsoft.EntityFrameworkCore.DbContext.SaveChanges()
   at Crm.Service.ProductManageService.ProductService.AddUpdateVideoModel(ProductVideoEntity model) in C:\my_chh_project\Crm_Pro_File\Crm.Service\ProductManageService\ProductService.cs:line 183
   at Crm.WebApp.API.ProductController.SaveVideoModel(ProductVideoMapper model) in C:\my_chh_project\Crm_Pro_File\Crm.WebApp\API\ProductController.cs:line 234
2020-11-17 09:53:29,951 [18] ERROR  [(null)] - Could not find a part of the path 'C:\my_chh_project\Crm_Pro_File\Crm.WebApp\uploads\d9a61738-3355-c4c3-046c-320b115a02ea\d9a61738-3355-c4c3-046c-320b115a02ea#17'.
